::1 - - [13/Nov/2021:02:59:58 +0000] "GET / HTTP/1.1" 404 139 "-" "Mozilla/5.0 (Windows NT 10.0; Win64; x64) AppleWebKit/537.36 (KHTML, like Gecko) Chrome/95.0.4638.69 Safari/537.36"
::1 - - [13/Nov/2021:03:00:16 +0000] "GET /department HTTP/1.1" 404 149 "-" "Mozilla/5.0 (Windows NT 10.0; Win64; x64) AppleWebKit/537.36 (KHTML, like Gecko) Chrome/95.0.4638.69 Safari/537.36"
::1 - - [13/Nov/2021:03:00:40 +0000] "GET /api/v1/department HTTP/1.1" 200 35 "-" "Mozilla/5.0 (Windows NT 10.0; Win64; x64) AppleWebKit/537.36 (KHTML, like Gecko) Chrome/95.0.4638.69 Safari/537.36"
::1 - - [13/Nov/2021:03:00:40 +0000] "GET /favicon.ico HTTP/1.1" 404 150 "http://localhost:8001/api/v1/department" "Mozilla/5.0 (Windows NT 10.0; Win64; x64) AppleWebKit/537.36 (KHTML, like Gecko) Chrome/95.0.4638.69 Safari/537.36"
::1 - - [14/Nov/2021:16:50:41 +0000] "GET / HTTP/1.1" 404 139 "-" "Mozilla/5.0 (Windows NT 10.0; Win64; x64) AppleWebKit/537.36 (KHTML, like Gecko) Chrome/95.0.4638.69 Safari/537.36"
::1 - - [14/Nov/2021:16:52:14 +0000] "GET /api/v1/department/ok HTTP/1.1" 500 1279 "-" "Mozilla/5.0 (Windows NT 10.0; Win64; x64) AppleWebKit/537.36 (KHTML, like Gecko) Chrome/95.0.4638.69 Safari/537.36"
::1 - - [14/Nov/2021:16:56:07 +0000] "GET /api/v1/department/ok HTTP/1.1" 500 1279 "-" "Mozilla/5.0 (Windows NT 10.0; Win64; x64) AppleWebKit/537.36 (KHTML, like Gecko) Chrome/95.0.4638.69 Safari/537.36"
::1 - - [14/Nov/2021:16:56:34 +0000] "GET /api/v1/department/ok HTTP/1.1" 500 1279 "-" "Mozilla/5.0 (Windows NT 10.0; Win64; x64) AppleWebKit/537.36 (KHTML, like Gecko) Chrome/95.0.4638.69 Safari/537.36"
::1 - - [14/Nov/2021:16:59:53 +0000] "GET /api/v1/department/ok HTTP/1.1" - - "-" "Mozilla/5.0 (Windows NT 10.0; Win64; x64) AppleWebKit/537.36 (KHTML, like Gecko) Chrome/95.0.4638.69 Safari/537.36"
::1 - - [14/Nov/2021:17:00:01 +0000] "GET /api/v1/department/ok HTTP/1.1" - - "-" "Mozilla/5.0 (Windows NT 10.0; Win64; x64) AppleWebKit/537.36 (KHTML, like Gecko) Chrome/95.0.4638.69 Safari/537.36"
::1 - - [14/Nov/2021:17:03:15 +0000] "GET /api/v1/department/ok HTTP/1.1" - - "-" "Mozilla/5.0 (Windows NT 10.0; Win64; x64) AppleWebKit/537.36 (KHTML, like Gecko) Chrome/95.0.4638.69 Safari/537.36"
::1 - - [14/Nov/2021:17:03:18 +0000] "GET /api/v1/department/ok HTTP/1.1" - - "-" "Mozilla/5.0 (Windows NT 10.0; Win64; x64) AppleWebKit/537.36 (KHTML, like Gecko) Chrome/95.0.4638.69 Safari/537.36"
::1 - - [14/Nov/2021:17:04:38 +0000] "GET /api/v1/department/ok HTTP/1.1" - - "-" "Mozilla/5.0 (Windows NT 10.0; Win64; x64) AppleWebKit/537.36 (KHTML, like Gecko) Chrome/95.0.4638.69 Safari/537.36"
::1 - - [14/Nov/2021:17:06:54 +0000] "GET /api/v1/department/ok HTTP/1.1" - - "-" "Mozilla/5.0 (Windows NT 10.0; Win64; x64) AppleWebKit/537.36 (KHTML, like Gecko) Chrome/95.0.4638.69 Safari/537.36"
::ffff:127.0.0.1 - - [14/Nov/2021:17:07:12 +0000] "GET /api/v1/department/ok HTTP/1.1" - - "-" "Mozilla/5.0 (Windows NT 10.0; Win64; x64) AppleWebKit/537.36 (KHTML, like Gecko) Chrome/95.0.4638.69 Safari/537.36"
::ffff:127.0.0.1 - - [14/Nov/2021:17:08:19 +0000] "GET /api/v1/department/ok HTTP/1.1" - - "-" "Mozilla/5.0 (Windows NT 10.0; Win64; x64) AppleWebKit/537.36 (KHTML, like Gecko) Chrome/95.0.4638.69 Safari/537.36"
::1 - - [14/Nov/2021:17:09:10 +0000] "GET /api/v1/department/ok HTTP/1.1" - - "-" "Mozilla/5.0 (Windows NT 10.0; Win64; x64) AppleWebKit/537.36 (KHTML, like Gecko) Chrome/95.0.4638.69 Safari/537.36"
::1 - - [14/Nov/2021:17:10:14 +0000] "GET /api/v1/department/ok HTTP/1.1" - - "-" "Mozilla/5.0 (Windows NT 10.0; Win64; x64) AppleWebKit/537.36 (KHTML, like Gecko) Chrome/95.0.4638.69 Safari/537.36"
::1 - - [14/Nov/2021:17:10:26 +0000] "GET /api/v1/department/ok HTTP/1.1" 200 - "-" "Mozilla/5.0 (Windows NT 10.0; Win64; x64) AppleWebKit/537.36 (KHTML, like Gecko) Chrome/95.0.4638.69 Safari/537.36"
::1 - - [14/Nov/2021:17:10:27 +0000] "GET /favicon.ico HTTP/1.1" 404 150 "http://localhost:8001/api/v1/department/ok" "Mozilla/5.0 (Windows NT 10.0; Win64; x64) AppleWebKit/537.36 (KHTML, like Gecko) Chrome/95.0.4638.69 Safari/537.36"
::1 - - [14/Nov/2021:17:11:13 +0000] "GET /api/v1/department/ok HTTP/1.1" 200 - "-" "Mozilla/5.0 (Windows NT 10.0; Win64; x64) AppleWebKit/537.36 (KHTML, like Gecko) Chrome/95.0.4638.69 Safari/537.36"
::1 - - [14/Nov/2021:17:11:58 +0000] "GET /api/v1/department/ok HTTP/1.1" 200 - "-" "Mozilla/5.0 (Windows NT 10.0; Win64; x64) AppleWebKit/537.36 (KHTML, like Gecko) Chrome/95.0.4638.69 Safari/537.36"
::1 - - [14/Nov/2021:17:12:28 +0000] "GET /api/v1/department/ok HTTP/1.1" 200 - "-" "Mozilla/5.0 (Windows NT 10.0; Win64; x64) AppleWebKit/537.36 (KHTML, like Gecko) Chrome/95.0.4638.69 Safari/537.36"
::1 - - [14/Nov/2021:17:12:47 +0000] "GET /api/v1/department/ok HTTP/1.1" 200 - "-" "Mozilla/5.0 (Windows NT 10.0; Win64; x64) AppleWebKit/537.36 (KHTML, like Gecko) Chrome/95.0.4638.69 Safari/537.36"
::1 - - [14/Nov/2021:17:13:04 +0000] "GET /api/v1/department/ok HTTP/1.1" 200 - "-" "Mozilla/5.0 (Windows NT 10.0; Win64; x64) AppleWebKit/537.36 (KHTML, like Gecko) Chrome/95.0.4638.69 Safari/537.36"
::1 - - [14/Nov/2021:17:14:02 +0000] "GET /api/v1/department/ok HTTP/1.1" 200 - "-" "Mozilla/5.0 (Windows NT 10.0; Win64; x64) AppleWebKit/537.36 (KHTML, like Gecko) Chrome/95.0.4638.69 Safari/537.36"
::1 - - [14/Nov/2021:17:14:53 +0000] "GET /api/v1/department/ok HTTP/1.1" 200 - "-" "Mozilla/5.0 (Windows NT 10.0; Win64; x64) AppleWebKit/537.36 (KHTML, like Gecko) Chrome/95.0.4638.69 Safari/537.36"
::1 - - [14/Nov/2021:17:15:48 +0000] "GET /api/v1/department/ok HTTP/1.1" 200 - "-" "Mozilla/5.0 (Windows NT 10.0; Win64; x64) AppleWebKit/537.36 (KHTML, like Gecko) Chrome/95.0.4638.69 Safari/537.36"
::1 - - [14/Nov/2021:17:16:13 +0000] "GET /api/v1/department/ok HTTP/1.1" 200 - "-" "Mozilla/5.0 (Windows NT 10.0; Win64; x64) AppleWebKit/537.36 (KHTML, like Gecko) Chrome/95.0.4638.69 Safari/537.36"
::1 - - [14/Nov/2021:17:16:25 +0000] "GET /api/v1/department/ok HTTP/1.1" 200 - "-" "Mozilla/5.0 (Windows NT 10.0; Win64; x64) AppleWebKit/537.36 (KHTML, like Gecko) Chrome/95.0.4638.69 Safari/537.36"
::1 - - [14/Nov/2021:17:16:35 +0000] "GET /api/v1/department/ok HTTP/1.1" 200 - "-" "Mozilla/5.0 (Windows NT 10.0; Win64; x64) AppleWebKit/537.36 (KHTML, like Gecko) Chrome/95.0.4638.69 Safari/537.36"
::1 - - [14/Nov/2021:17:19:42 +0000] "GET /api/v1/department/ok HTTP/1.1" 200 - "-" "Mozilla/5.0 (Windows NT 10.0; Win64; x64) AppleWebKit/537.36 (KHTML, like Gecko) Chrome/95.0.4638.69 Safari/537.36"
::1 - - [16/Nov/2021:01:35:30 +0000] "GET /api/v1/department HTTP/1.1" 200 35 "-" "PostmanRuntime/7.28.4"
::1 - - [16/Nov/2021:01:36:47 +0000] "GET /api/v1/department HTTP/1.1" 200 35 "-" "PostmanRuntime/7.28.4"
::1 - - [16/Nov/2021:01:37:08 +0000] "GET /api/v1/department HTTP/1.1" 200 35 "-" "PostmanRuntime/7.28.4"
::1 - - [16/Nov/2021:01:37:21 +0000] "GET /api/v1/department HTTP/1.1" 200 35 "-" "PostmanRuntime/7.28.4"
::1 - - [16/Nov/2021:01:38:08 +0000] "GET /api/v1/department HTTP/1.1" - - "-" "PostmanRuntime/7.28.4"
::1 - - [16/Nov/2021:01:38:33 +0000] "GET /api/v1/department HTTP/1.1" - - "-" "PostmanRuntime/7.28.4"
::1 - - [16/Nov/2021:01:38:43 +0000] "GET /api/v1/department HTTP/1.1" 200 145401 "-" "PostmanRuntime/7.28.4"
::1 - - [16/Nov/2021:04:18:24 +0000] "GET /api/v1/department HTTP/1.1" 200 145401 "-" "PostmanRuntime/7.28.4"
::1 - - [16/Nov/2021:04:24:45 +0000] "GET /api/v1/department HTTP/1.1" 200 145401 "-" "PostmanRuntime/7.28.4"
::1 - - [16/Nov/2021:04:24:58 +0000] "POST /api/v1/department HTTP/1.1" - - "-" "PostmanRuntime/7.28.4"
::1 - - [16/Nov/2021:04:26:45 +0000] "POST /api/v1/department HTTP/1.1" - - "-" "PostmanRuntime/7.28.4"
::1 - - [16/Nov/2021:04:27:05 +0000] "POST /api/v1/department HTTP/1.1" 200 2 "-" "PostmanRuntime/7.28.4"
::1 - - [16/Nov/2021:04:29:40 +0000] "POST /api/v1/department HTTP/1.1" - - "-" "PostmanRuntime/7.28.4"
::1 - - [16/Nov/2021:04:29:51 +0000] "POST /api/v1/department HTTP/1.1" 200 2 "-" "PostmanRuntime/7.28.4"
::1 - - [16/Nov/2021:04:31:01 +0000] "POST /api/v1/department HTTP/1.1" 200 2 "-" "PostmanRuntime/7.28.4"
::1 - - [16/Nov/2021:04:31:47 +0000] "POST /api/v1/department HTTP/1.1" - - "-" "PostmanRuntime/7.28.4"
::1 - - [16/Nov/2021:06:58:37 +0000] "PUT /api/v1/department HTTP/1.1" 404 156 "-" "PostmanRuntime/7.28.4"
::1 - - [16/Nov/2021:07:00:15 +0000] "PUT /api/v1/department HTTP/1.1" 404 156 "-" "PostmanRuntime/7.28.4"
::1 - - [16/Nov/2021:07:00:31 +0000] "PATCH /api/v1/department HTTP/1.1" 404 158 "-" "PostmanRuntime/7.28.4"
::1 - - [16/Nov/2021:07:00:51 +0000] "PATCH /api/v1/department/55 HTTP/1.1" 404 161 "-" "PostmanRuntime/7.28.4"
::1 - - [16/Nov/2021:07:01:11 +0000] "PUT /api/v1/department/55 HTTP/1.1" - - "-" "PostmanRuntime/7.28.4"
::1 - - [16/Nov/2021:07:05:04 +0000] "PUT /api/v1/department/55 HTTP/1.1" 200 89 "-" "PostmanRuntime/7.28.4"
::1 - - [16/Nov/2021:07:08:43 +0000] "DELETE /api/v1/department/55 HTTP/1.1" 404 162 "-" "PostmanRuntime/7.28.4"
::1 - - [16/Nov/2021:07:09:15 +0000] "DELETE /api/v1/department/55 HTTP/1.1" 200 89 "-" "PostmanRuntime/7.28.4"
::1 - - [16/Nov/2021:07:14:21 +0000] "POST /api/v1/department HTTP/1.1" 200 2 "-" "PostmanRuntime/7.28.4"
::1 - - [16/Nov/2021:07:14:32 +0000] "DELETE /api/v1/department/55 HTTP/1.1" 200 87 "-" "PostmanRuntime/7.28.4"
::1 - - [16/Nov/2021:08:07:31 +0000] "DELETE /api/v1/department/55 HTTP/1.1" - - "-" "PostmanRuntime/7.28.4"
::1 - - [16/Nov/2021:08:07:44 +0000] "GET /api/v1/department HTTP/1.1" 200 145401 "-" "PostmanRuntime/7.28.4"
::1 - - [16/Nov/2021:08:08:40 +0000] "GET /api/v1/department/55 HTTP/1.1" - - "-" "PostmanRuntime/7.28.4"
::1 - - [16/Nov/2021:08:09:54 +0000] "GET /api/v1/department/55 HTTP/1.1" - - "-" "PostmanRuntime/7.28.4"
::1 - - [16/Nov/2021:08:10:50 +0000] "GET /api/v1/department/55 HTTP/1.1" - - "-" "PostmanRuntime/7.28.4"
::1 - - [16/Nov/2021:08:11:00 +0000] "GET /api/v1/department/15 HTTP/1.1" 200 4675 "-" "PostmanRuntime/7.28.4"
::1 - - [16/Nov/2021:08:11:08 +0000] "GET /api/v1/department/55 HTTP/1.1" - - "-" "PostmanRuntime/7.28.4"
::1 - - [16/Nov/2021:08:11:40 +0000] "GET /api/v1/department/55 HTTP/1.1" - - "-" "PostmanRuntime/7.28.4"
::1 - - [16/Nov/2021:08:13:38 +0000] "GET /api/v1/department/55 HTTP/1.1" - - "-" "PostmanRuntime/7.28.4"
::1 - - [16/Nov/2021:08:23:30 +0000] "GET /api/v1/department/55 HTTP/1.1" 400 42 "-" "PostmanRuntime/7.28.4"
::1 - - [16/Nov/2021:08:27:42 +0000] "GET /api/v1/department/55 HTTP/1.1" 400 42 "-" "PostmanRuntime/7.28.4"
::1 - - [16/Nov/2021:08:32:28 +0000] "GET /api/v1/department/55 HTTP/1.1" 500 1041 "-" "PostmanRuntime/7.28.4"
::1 - - [16/Nov/2021:08:33:04 +0000] "GET /api/v1/department/55 HTTP/1.1" 500 1026 "-" "PostmanRuntime/7.28.4"
::1 - - [17/Nov/2021:01:32:18 +0000] "GET /api/v1/department HTTP/1.1" 200 145401 "-" "PostmanRuntime/7.28.4"
::1 - - [17/Nov/2021:01:34:40 +0000] "POST /api/v1/department HTTP/1.1" 200 2 "-" "PostmanRuntime/7.28.4"
::1 - - [17/Nov/2021:01:39:33 +0000] "GET /api/v1/department/55 HTTP/1.1" - - "-" "PostmanRuntime/7.28.4"
::1 - - [17/Nov/2021:01:40:29 +0000] "GET /api/v1/department/41 HTTP/1.1" 500 1026 "-" "PostmanRuntime/7.28.4"
::1 - - [17/Nov/2021:01:40:44 +0000] "POST /api/v1/department HTTP/1.1" - - "-" "PostmanRuntime/7.28.4"
::1 - - [17/Nov/2021:01:41:07 +0000] "GET /api/v1/department HTTP/1.1" 200 145465 "-" "PostmanRuntime/7.28.4"
::1 - - [17/Nov/2021:01:41:25 +0000] "POST /api/v1/department HTTP/1.1" - - "-" "PostmanRuntime/7.28.4"
::1 - - [17/Nov/2021:01:41:32 +0000] "POST /api/v1/department HTTP/1.1" 200 2 "-" "PostmanRuntime/7.28.4"
::1 - - [17/Nov/2021:01:42:17 +0000] "GET /api/v1/department/55 HTTP/1.1" - - "-" "PostmanRuntime/7.28.4"
::1 - - [17/Nov/2021:01:43:50 +0000] "GET /api/v1/department/55 HTTP/1.1" 200 87 "-" "PostmanRuntime/7.28.4"
::1 - - [17/Nov/2021:01:44:45 +0000] "PUT /api/v1/department/55 HTTP/1.1" 200 90 "-" "PostmanRuntime/7.28.4"
::1 - - [17/Nov/2021:01:45:48 +0000] "DELETE /api/v1/department/56 HTTP/1.1" 200 87 "-" "PostmanRuntime/7.28.4"
::1 - - [17/Nov/2021:01:49:50 +0000] "DELETE /api/v1/department/56 HTTP/1.1" - - "-" "PostmanRuntime/7.28.4"
::1 - - [17/Nov/2021:01:49:56 +0000] "PUT /api/v1/department/55 HTTP/1.1" 200 90 "-" "PostmanRuntime/7.28.4"
::1 - - [17/Nov/2021:03:56:05 +0000] "GET /api/v1/sites HTTP/1.1" 404 151 "-" "PostmanRuntime/7.28.4"
::1 - - [17/Nov/2021:04:08:29 +0000] "GET /api/v1/sites HTTP/1.1" 404 151 "-" "PostmanRuntime/7.28.4"
::1 - - [17/Nov/2021:08:30:14 +0000] "GET /api/v1/department HTTP/1.1" 200 145468 "-" "PostmanRuntime/7.28.4"
::1 - - [17/Nov/2021:08:30:31 +0000] "POST /api/v1/department HTTP/1.1" 500 1211 "-" "PostmanRuntime/7.28.4"
::1 - - [17/Nov/2021:08:32:20 +0000] "POST /api/v1/department HTTP/1.1" 500 1211 "-" "PostmanRuntime/7.28.4"
::1 - - [17/Nov/2021:08:33:01 +0000] "POST /api/v1/department HTTP/1.1" 500 1211 "-" "PostmanRuntime/7.28.4"
::1 - - [17/Nov/2021:08:34:03 +0000] "POST /api/v1/department HTTP/1.1" 500 904 "-" "PostmanRuntime/7.28.4"
::1 - - [17/Nov/2021:08:34:29 +0000] "POST /api/v1/department HTTP/1.1" 500 904 "-" "PostmanRuntime/7.28.4"
::1 - - [17/Nov/2021:08:43:06 +0000] "POST /api/v1/department HTTP/1.1" 500 904 "-" "PostmanRuntime/7.28.4"
::1 - - [17/Nov/2021:08:44:27 +0000] "POST /api/v1/department HTTP/1.1" 500 904 "-" "PostmanRuntime/7.28.4"
::1 - - [17/Nov/2021:08:45:03 +0000] "POST /api/v1/department HTTP/1.1" 500 904 "-" "PostmanRuntime/7.28.4"
::1 - - [17/Nov/2021:08:47:53 +0000] "POST /api/v1/department HTTP/1.1" 500 904 "-" "PostmanRuntime/7.28.4"
::1 - - [17/Nov/2021:08:48:37 +0000] "POST /api/v1/department HTTP/1.1" 500 904 "-" "PostmanRuntime/7.28.4"
::1 - - [17/Nov/2021:08:51:14 +0000] "POST /api/v1/department HTTP/1.1" 200 2 "-" "PostmanRuntime/7.28.4"
::1 - - [17/Nov/2021:08:51:16 +0000] "POST /api/v1/department HTTP/1.1" 500 904 "-" "PostmanRuntime/7.28.4"
::1 - - [17/Nov/2021:08:51:24 +0000] "POST /api/v1/department HTTP/1.1" 200 2 "-" "PostmanRuntime/7.28.4"
::1 - - [17/Nov/2021:08:52:54 +0000] "POST /api/v1/department HTTP/1.1" 500 904 "-" "PostmanRuntime/7.28.4"
::1 - - [17/Nov/2021:08:53:03 +0000] "POST /api/v1/department HTTP/1.1" 200 2 "-" "PostmanRuntime/7.28.4"
::1 - - [17/Nov/2021:09:00:42 +0000] "POST /api/v1/department HTTP/1.1" 200 2 "-" "PostmanRuntime/7.28.4"
::1 - - [17/Nov/2021:09:00:43 +0000] "POST /api/v1/department HTTP/1.1" 500 897 "-" "PostmanRuntime/7.28.4"
::1 - - [17/Nov/2021:09:00:50 +0000] "POST /api/v1/department HTTP/1.1" 500 1127 "-" "PostmanRuntime/7.28.4"
::1 - - [17/Nov/2021:09:02:32 +0000] "POST /api/v1/department HTTP/1.1" 500 1127 "-" "PostmanRuntime/7.28.4"
::1 - - [17/Nov/2021:09:03:14 +0000] "POST /api/v1/department HTTP/1.1" 200 2 "-" "PostmanRuntime/7.28.4"
::1 - - [17/Nov/2021:09:03:19 +0000] "POST /api/v1/department HTTP/1.1" 500 985 "-" "PostmanRuntime/7.28.4"
::1 - - [17/Nov/2021:09:04:16 +0000] "POST /api/v1/department HTTP/1.1" 200 2 "-" "PostmanRuntime/7.28.4"
::1 - - [17/Nov/2021:09:04:23 +0000] "POST /api/v1/department HTTP/1.1" 500 1147 "-" "PostmanRuntime/7.28.4"
::1 - - [17/Nov/2021:09:04:42 +0000] "POST /api/v1/department HTTP/1.1" 500 1147 "-" "PostmanRuntime/7.28.4"
::1 - - [17/Nov/2021:09:04:52 +0000] "POST /api/v1/department HTTP/1.1" 500 897 "-" "PostmanRuntime/7.28.4"
::1 - - [17/Nov/2021:09:05:01 +0000] "POST /api/v1/department HTTP/1.1" 200 2 "-" "PostmanRuntime/7.28.4"
::1 - - [17/Nov/2021:09:05:02 +0000] "POST /api/v1/department HTTP/1.1" 500 897 "-" "PostmanRuntime/7.28.4"
::1 - - [17/Nov/2021:09:05:43 +0000] "POST /api/v1/department HTTP/1.1" 200 2 "-" "PostmanRuntime/7.28.4"
::1 - - [17/Nov/2021:09:05:44 +0000] "POST /api/v1/department HTTP/1.1" 500 897 "-" "PostmanRuntime/7.28.4"
::1 - - [17/Nov/2021:09:05:53 +0000] "POST /api/v1/department HTTP/1.1" 200 2 "-" "PostmanRuntime/7.28.4"
::1 - - [17/Nov/2021:09:05:55 +0000] "POST /api/v1/department HTTP/1.1" 500 897 "-" "PostmanRuntime/7.28.4"
::1 - - [17/Nov/2021:09:06:25 +0000] "POST /api/v1/department HTTP/1.1" 200 2 "-" "PostmanRuntime/7.28.4"
::1 - - [17/Nov/2021:09:06:27 +0000] "POST /api/v1/department HTTP/1.1" 500 897 "-" "PostmanRuntime/7.28.4"
::1 - - [17/Nov/2021:09:06:46 +0000] "POST /api/v1/department HTTP/1.1" 200 2 "-" "PostmanRuntime/7.28.4"
::1 - - [17/Nov/2021:09:06:48 +0000] "POST /api/v1/department HTTP/1.1" 500 897 "-" "PostmanRuntime/7.28.4"
::1 - - [17/Nov/2021:09:07:16 +0000] "POST /api/v1/department HTTP/1.1" 200 2 "-" "PostmanRuntime/7.28.4"
::1 - - [17/Nov/2021:09:07:17 +0000] "POST /api/v1/department HTTP/1.1" 500 897 "-" "PostmanRuntime/7.28.4"
::1 - - [17/Nov/2021:09:07:19 +0000] "POST /api/v1/department HTTP/1.1" 500 897 "-" "PostmanRuntime/7.28.4"
::1 - - [17/Nov/2021:09:10:11 +0000] "POST /api/v1/department HTTP/1.1" 200 2 "-" "PostmanRuntime/7.28.4"
::1 - - [17/Nov/2021:09:11:21 +0000] "POST /api/v1/department HTTP/1.1" 200 74 "-" "PostmanRuntime/7.28.4"
::1 - - [17/Nov/2021:09:11:24 +0000] "POST /api/v1/department HTTP/1.1" 500 897 "-" "PostmanRuntime/7.28.4"
::1 - - [17/Nov/2021:09:12:05 +0000] "POST /api/v1/department HTTP/1.1" 200 74 "-" "PostmanRuntime/7.28.4"
::1 - - [17/Nov/2021:09:12:06 +0000] "POST /api/v1/department HTTP/1.1" 500 897 "-" "PostmanRuntime/7.28.4"
::1 - - [17/Nov/2021:09:12:17 +0000] "POST /api/v1/department HTTP/1.1" 200 74 "-" "PostmanRuntime/7.28.4"
::1 - - [17/Nov/2021:09:12:19 +0000] "POST /api/v1/department HTTP/1.1" 500 897 "-" "PostmanRuntime/7.28.4"
::1 - - [17/Nov/2021:09:12:48 +0000] "POST /api/v1/department HTTP/1.1" 200 74 "-" "PostmanRuntime/7.28.4"
::1 - - [17/Nov/2021:09:12:53 +0000] "POST /api/v1/department HTTP/1.1" 500 897 "-" "PostmanRuntime/7.28.4"
::1 - - [17/Nov/2021:09:12:57 +0000] "POST /api/v1/department HTTP/1.1" 500 1147 "-" "PostmanRuntime/7.28.4"
::1 - - [17/Nov/2021:09:14:14 +0000] "POST /api/v1/department HTTP/1.1" 200 74 "-" "PostmanRuntime/7.28.4"
::1 - - [17/Nov/2021:09:14:20 +0000] "POST /api/v1/department HTTP/1.1" 500 44 "-" "PostmanRuntime/7.28.4"
::1 - - [17/Nov/2021:09:14:37 +0000] "POST /api/v1/department HTTP/1.1" 200 74 "-" "PostmanRuntime/7.28.4"
::1 - - [17/Nov/2021:09:14:40 +0000] "POST /api/v1/department HTTP/1.1" 500 897 "-" "PostmanRuntime/7.28.4"
::1 - - [17/Nov/2021:09:14:41 +0000] "POST /api/v1/department HTTP/1.1" 500 897 "-" "PostmanRuntime/7.28.4"
::1 - - [17/Nov/2021:09:16:05 +0000] "POST /api/v1/department HTTP/1.1" 200 74 "-" "PostmanRuntime/7.28.4"
::1 - - [17/Nov/2021:09:16:07 +0000] "POST /api/v1/department HTTP/1.1" 500 1211 "-" "PostmanRuntime/7.28.4"
::1 - - [17/Nov/2021:09:16:13 +0000] "POST /api/v1/department HTTP/1.1" 500 1211 "-" "PostmanRuntime/7.28.4"
::1 - - [17/Nov/2021:09:16:47 +0000] "POST /api/v1/department HTTP/1.1" 200 74 "-" "PostmanRuntime/7.28.4"
::1 - - [17/Nov/2021:09:16:48 +0000] "POST /api/v1/department HTTP/1.1" 500 1211 "-" "PostmanRuntime/7.28.4"
::1 - - [17/Nov/2021:09:16:59 +0000] "POST /api/v1/department HTTP/1.1" 200 74 "-" "PostmanRuntime/7.28.4"
::1 - - [17/Nov/2021:09:17:00 +0000] "POST /api/v1/department HTTP/1.1" 500 897 "-" "PostmanRuntime/7.28.4"
::1 - - [17/Nov/2021:09:19:15 +0000] "POST /api/v1/department HTTP/1.1" 200 74 "-" "PostmanRuntime/7.28.4"
::1 - - [17/Nov/2021:09:19:16 +0000] "POST /api/v1/department HTTP/1.1" 500 927 "-" "PostmanRuntime/7.28.4"
::1 - - [17/Nov/2021:09:20:38 +0000] "POST /api/v1/department HTTP/1.1" 200 74 "-" "PostmanRuntime/7.28.4"
::1 - - [17/Nov/2021:09:20:40 +0000] "POST /api/v1/department HTTP/1.1" 500 1106 "-" "PostmanRuntime/7.28.4"
::1 - - [17/Nov/2021:09:20:48 +0000] "POST /api/v1/department HTTP/1.1" 200 75 "-" "PostmanRuntime/7.28.4"
::1 - - [17/Nov/2021:09:20:55 +0000] "POST /api/v1/department HTTP/1.1" 200 75 "-" "PostmanRuntime/7.28.4"
::1 - - [17/Nov/2021:09:21:03 +0000] "POST /api/v1/department HTTP/1.1" 200 75 "-" "PostmanRuntime/7.28.4"
::1 - - [17/Nov/2021:09:21:12 +0000] "POST /api/v1/department HTTP/1.1" 500 1092 "-" "PostmanRuntime/7.28.4"
::1 - - [17/Nov/2021:09:21:18 +0000] "POST /api/v1/department HTTP/1.1" 200 77 "-" "PostmanRuntime/7.28.4"
::1 - - [17/Nov/2021:09:21:28 +0000] "POST /api/v1/department HTTP/1.1" 200 78 "-" "PostmanRuntime/7.28.4"
